2022-08-19 14:16:42,915:INFO:PyCaret Supervised Module
2022-08-19 14:16:42,920:INFO:ML Usecase: classification
2022-08-19 14:16:42,924:INFO:version 2.3.10
2022-08-19 14:16:42,930:INFO:Initializing setup()
2022-08-19 14:16:42,934:INFO:setup(target=Class, ml_usecase=classification, available_plots={'parameter': 'Hyperparameters', 'auc': 'AUC', 'confusion_matrix': 'Confusion Matrix', 'threshold': 'Threshold', 'pr': 'Precision Recall', 'error': 'Prediction Error', 'class_report': 'Class Report', 'rfe': 'Feature Selection', 'learning': 'Learning Curve', 'manifold': 'Manifold Learning', 'calibration': 'Calibration Curve', 'vc': 'Validation Curve', 'dimension': 'Dimensions', 'feature': 'Feature Importance', 'feature_all': 'Feature Importance (All)', 'boundary': 'Decision Boundary', 'lift': 'Lift Chart', 'gain': 'Gain Chart', 'tree': 'Decision Tree', 'ks': 'KS Statistic Plot'}, train_size=0.7, test_data=None, preprocess=True, imputation_type=simple, iterative_imputation_iters=5, categorical_features=None, categorical_imputation=constant, categorical_iterative_imputer=lightgbm, ordinal_features=None, high_cardinality_features=None, high_cardinality_method=frequency, numeric_features=None, numeric_imputation=mean, numeric_iterative_imputer=lightgbm, date_features=None, ignore_features=None, normalize=False, normalize_method=zscore, transformation=False, transformation_method=yeo-johnson, handle_unknown_categorical=True, unknown_categorical_method=least_frequent, pca=False, pca_method=linear, pca_components=None, ignore_low_variance=False, combine_rare_levels=False, rare_level_threshold=0.1, bin_numeric_features=None, remove_outliers=False, outliers_threshold=0.05, remove_multicollinearity=False, multicollinearity_threshold=0.9, remove_perfect_collinearity=True, create_clusters=False, cluster_iter=20, polynomial_features=False, polynomial_degree=2, trigonometry_features=False, polynomial_threshold=0.1, group_features=None, group_names=None, feature_selection=False, feature_selection_threshold=0.8, feature_selection_method=classic, feature_interaction=False, feature_ratio=False, interaction_threshold=0.01, fix_imbalance=False, fix_imbalance_method=None, transform_target=False, transform_target_method=box-cox, data_split_shuffle=True, data_split_stratify=False, fold_strategy=stratifiedkfold, fold=10, fold_shuffle=False, fold_groups=None, n_jobs=-1, use_gpu=False, custom_pipeline=None, html=True, session_id=None, log_experiment=False, experiment_name=None, experiment_custom_tags=None, log_plots=False, log_profile=False, log_data=False, silent=False, verbose=True, profile=False, profile_kwargs=None, display=None)
2022-08-19 14:16:42,937:INFO:Checking environment
2022-08-19 14:16:42,941:INFO:python_version: 3.7.13
2022-08-19 14:16:42,945:INFO:python_build: ('default', 'Apr 24 2022 01:04:09')
2022-08-19 14:16:42,950:INFO:machine: x86_64
2022-08-19 14:16:42,954:INFO:platform: Linux-5.4.188+-x86_64-with-Ubuntu-18.04-bionic
2022-08-19 14:16:42,958:INFO:Memory: svmem(total=13617745920, available=12169175040, percent=10.6, used=1390137344, free=8734216192, active=1594810368, inactive=2968793088, buffers=142192640, cached=3351199744, shared=1241088, slab=249286656)
2022-08-19 14:16:42,963:INFO:Physical Core: 1
2022-08-19 14:16:42,966:INFO:Logical Core: 2
2022-08-19 14:16:42,970:INFO:Checking libraries
2022-08-19 14:16:42,975:INFO:pd==1.3.5
2022-08-19 14:16:42,977:INFO:numpy==1.19.5
2022-08-19 14:16:42,980:INFO:sklearn==0.23.2
2022-08-19 14:16:42,983:INFO:lightgbm==3.3.2
2022-08-19 14:16:42,987:WARNING:catboost not found
2022-08-19 14:16:43,043:INFO:xgboost==0.90
2022-08-19 14:16:43,045:INFO:mlflow==1.28.0
2022-08-19 14:16:43,050:INFO:Checking Exceptions
2022-08-19 14:16:43,057:INFO:Declaring global variables
2022-08-19 14:16:43,058:INFO:USI: 3953
2022-08-19 14:16:43,062:INFO:pycaret_globals: {'html_param', 'master_model_container', 'n_jobs_param', 'display_container', 'data_before_preprocess', 'X_train', '_all_models', '_gpu_n_jobs_param', 'target_param', 'USI', 'y_test', 'pycaret_globals', 'imputation_regressor', '_available_plots', 'fix_imbalance_method_param', 'fold_groups_param', 'y', 'stratify_param', 'prep_pipe', 'gpu_param', 'log_plots_param', 'imputation_classifier', 'fold_generator', 'y_train', 'dashboard_logger', 'fold_param', 'fold_shuffle_param', '_all_metrics', 'experiment__', 'logging_param', 'exp_name_log', '_all_models_internal', 'transform_target_method_param', 'fold_groups_param_full', 'fix_imbalance_param', 'seed', '_internal_pipeline', 'X_test', 'transform_target_param', '_ml_usecase', 'X', 'iterative_imputation_iters_param', 'create_model_container'}
2022-08-19 14:16:43,065:INFO:Preparing display monitor
2022-08-19 14:16:43,068:INFO:Preparing display monitor
2022-08-19 14:16:43,131:INFO:Importing libraries
2022-08-19 14:16:43,136:INFO:Copying data for preprocessing
2022-08-19 14:16:43,182:INFO:Declaring preprocessing parameters
2022-08-19 14:16:43,319:INFO:Creating preprocessing pipeline
2022-08-19 14:16:44,265:INFO:Preprocessing pipeline created successfully
2022-08-19 14:16:44,269:ERROR:(Process Exit): setup has been interupted with user command 'quit'. setup must rerun.
2022-08-19 14:16:44,273:INFO:Creating global containers
2022-08-19 14:16:44,278:INFO:Internal pipeline: Pipeline(memory=None, steps=[('empty_step', 'passthrough')], verbose=False)
2022-08-19 14:27:57,535:WARNING:Wrong xgboost version. Expected xgboost>=1.1.0, got xgboost==0.90
2022-08-19 14:27:57,539:WARNING:Couldn't import catboost.CatBoostClassifier
2022-08-19 14:27:57,635:WARNING:Wrong xgboost version. Expected xgboost>=1.1.0, got xgboost==0.90
2022-08-19 14:27:57,639:WARNING:Couldn't import catboost.CatBoostClassifier
2022-08-19 14:27:57,645:INFO:Creating grid variables
2022-08-19 14:27:57,706:INFO:create_model_container: 0
2022-08-19 14:27:57,715:INFO:master_model_container: 0
2022-08-19 14:27:57,717:INFO:display_container: 1
2022-08-19 14:27:57,734:INFO:Pipeline(memory=None,
         steps=[('dtypes',
                 DataTypes_Auto_infer(categorical_features=[],
                                      display_types=True, features_todrop=[],
                                      id_columns=[],
                                      ml_usecase='classification',
                                      numerical_features=[], target='Class',
                                      time_features=[])),
                ('imputer',
                 Simple_Imputer(categorical_strategy='not_available',
                                fill_value_categorical=None,
                                fill_value_numerical=None,
                                numeric_strate...
                ('scaling', 'passthrough'), ('P_transform', 'passthrough'),
                ('binn', 'passthrough'), ('rem_outliers', 'passthrough'),
                ('cluster_all', 'passthrough'),
                ('dummy', Dummify(target='Class')),
                ('fix_perfect', Remove_100(target='Class')),
                ('clean_names', Clean_Colum_Names()),
                ('feature_select', 'passthrough'), ('fix_multi', 'passthrough'),
                ('dfs', 'passthrough'), ('pca', 'passthrough')],
         verbose=False)
2022-08-19 14:27:57,738:INFO:setup() succesfully completed......................................
2022-08-19 14:28:20,956:INFO:Initializing compare_models()
2022-08-19 14:28:20,970:INFO:compare_models(include=None, fold=None, round=4, cross_validation=True, sort=Accuracy, n_select=1, budget_time=None, turbo=True, errors=ignore, fit_kwargs=None, groups=None, experiment_custom_tags=None, probability_threshold=None, verbose=True, display=None, exclude=None)
2022-08-19 14:28:20,975:INFO:Checking exceptions
2022-08-19 14:28:20,985:INFO:Preparing display monitor
2022-08-19 14:28:21,000:INFO:Preparing display monitor
2022-08-19 14:28:21,113:INFO:Initializing Logistic Regression
2022-08-19 14:28:21,118:INFO:Total runtime is 8.167823155721028e-05 minutes
2022-08-19 14:28:21,190:INFO:SubProcess create_model() called ==================================
2022-08-19 14:28:21,195:INFO:Initializing create_model()
2022-08-19 14:28:21,200:INFO:create_model(estimator=lr, fold=StratifiedKFold(n_splits=10, random_state=None, shuffle=False), round=4, cross_validation=True, predict=True, fit_kwargs={}, groups=None, refit=False, verbose=False, system=False, metrics=None, experiment_custom_tags=None, add_to_model_list=True, probability_threshold=None, display=<pycaret.internal.Display.Display object at 0x7fb83ad3b950>, return_train_score=False, kwargs={})
2022-08-19 14:28:21,202:INFO:Checking exceptions
2022-08-19 14:28:21,204:INFO:Importing libraries
2022-08-19 14:28:21,206:INFO:Copying training dataset
2022-08-19 14:28:21,230:INFO:Defining folds
2022-08-19 14:28:21,236:INFO:Declaring metric variables
2022-08-19 14:28:21,274:INFO:Importing untrained model
2022-08-19 14:28:21,307:INFO:Logistic Regression Imported succesfully
2022-08-19 14:28:21,394:INFO:Starting cross validation
2022-08-19 14:28:21,403:INFO:Cross validating with StratifiedKFold(n_splits=10, random_state=None, shuffle=False), n_jobs=-1
2022-08-19 14:29:49,463:INFO:Calculating mean and std
2022-08-19 14:29:49,469:INFO:Creating metrics dataframe
2022-08-19 14:29:49,486:INFO:Uploading results into container
2022-08-19 14:29:49,489:INFO:Uploading model into container now
2022-08-19 14:29:49,493:INFO:create_model_container: 1
2022-08-19 14:29:49,495:INFO:master_model_container: 1
2022-08-19 14:29:49,498:INFO:display_container: 2
2022-08-19 14:29:49,500:INFO:LogisticRegression(C=1.0, class_weight=None, dual=False, fit_intercept=True,
                   intercept_scaling=1, l1_ratio=None, max_iter=1000,
                   multi_class='auto', n_jobs=None, penalty='l2',
                   random_state=1415, solver='lbfgs', tol=0.0001, verbose=0,
                   warm_start=False)
2022-08-19 14:29:49,502:INFO:create_model() succesfully completed......................................
2022-08-19 14:29:49,685:INFO:SubProcess create_model() end ==================================
2022-08-19 14:29:49,690:INFO:Creating metrics dataframe
2022-08-19 14:29:49,723:INFO:Initializing K Neighbors Classifier
2022-08-19 14:29:49,737:INFO:Total runtime is 1.4770675897598267 minutes
2022-08-19 14:29:49,772:INFO:SubProcess create_model() called ==================================
2022-08-19 14:29:49,777:INFO:Initializing create_model()
2022-08-19 14:29:49,782:INFO:create_model(estimator=knn, fold=StratifiedKFold(n_splits=10, random_state=None, shuffle=False), round=4, cross_validation=True, predict=True, fit_kwargs={}, groups=None, refit=False, verbose=False, system=False, metrics=None, experiment_custom_tags=None, add_to_model_list=True, probability_threshold=None, display=<pycaret.internal.Display.Display object at 0x7fb83ad3b950>, return_train_score=False, kwargs={})
2022-08-19 14:29:49,787:INFO:Checking exceptions
2022-08-19 14:29:49,791:INFO:Importing libraries
2022-08-19 14:29:49,795:INFO:Copying training dataset
2022-08-19 14:29:49,818:INFO:Defining folds
2022-08-19 14:29:49,820:INFO:Declaring metric variables
2022-08-19 14:29:49,849:INFO:Importing untrained model
2022-08-19 14:29:49,876:INFO:K Neighbors Classifier Imported succesfully
2022-08-19 14:29:49,927:INFO:Starting cross validation
2022-08-19 14:29:49,931:INFO:Cross validating with StratifiedKFold(n_splits=10, random_state=None, shuffle=False), n_jobs=-1
2022-08-19 14:30:24,145:INFO:Calculating mean and std
2022-08-19 14:30:24,149:INFO:Creating metrics dataframe
2022-08-19 14:30:24,171:INFO:Uploading results into container
2022-08-19 14:30:24,175:INFO:Uploading model into container now
2022-08-19 14:30:24,177:INFO:create_model_container: 2
2022-08-19 14:30:24,179:INFO:master_model_container: 2
2022-08-19 14:30:24,182:INFO:display_container: 2
2022-08-19 14:30:24,190:INFO:KNeighborsClassifier(algorithm='auto', leaf_size=30, metric='minkowski',
                     metric_params=None, n_jobs=-1, n_neighbors=5, p=2,
                     weights='uniform')
2022-08-19 14:30:24,200:INFO:create_model() succesfully completed......................................
2022-08-19 14:30:24,411:INFO:SubProcess create_model() end ==================================
2022-08-19 14:30:24,413:INFO:Creating metrics dataframe
2022-08-19 14:30:24,449:INFO:Initializing Naive Bayes
2022-08-19 14:30:24,457:INFO:Total runtime is 2.0557368755340577 minutes
2022-08-19 14:30:24,494:INFO:SubProcess create_model() called ==================================
2022-08-19 14:30:24,502:INFO:Initializing create_model()
2022-08-19 14:30:24,507:INFO:create_model(estimator=nb, fold=StratifiedKFold(n_splits=10, random_state=None, shuffle=False), round=4, cross_validation=True, predict=True, fit_kwargs={}, groups=None, refit=False, verbose=False, system=False, metrics=None, experiment_custom_tags=None, add_to_model_list=True, probability_threshold=None, display=<pycaret.internal.Display.Display object at 0x7fb83ad3b950>, return_train_score=False, kwargs={})
2022-08-19 14:30:24,513:INFO:Checking exceptions
2022-08-19 14:30:24,519:INFO:Importing libraries
2022-08-19 14:30:24,525:INFO:Copying training dataset
2022-08-19 14:30:24,555:INFO:Defining folds
2022-08-19 14:30:24,558:INFO:Declaring metric variables
2022-08-19 14:30:24,592:INFO:Importing untrained model
2022-08-19 14:30:24,624:INFO:Naive Bayes Imported succesfully
2022-08-19 14:30:24,673:INFO:Starting cross validation
2022-08-19 14:30:24,675:INFO:Cross validating with StratifiedKFold(n_splits=10, random_state=None, shuffle=False), n_jobs=-1
2022-08-19 14:30:26,577:INFO:Calculating mean and std
2022-08-19 14:30:26,582:INFO:Creating metrics dataframe
2022-08-19 14:30:26,600:INFO:Uploading results into container
2022-08-19 14:30:26,603:INFO:Uploading model into container now
2022-08-19 14:30:26,606:INFO:create_model_container: 3
2022-08-19 14:30:26,609:INFO:master_model_container: 3
2022-08-19 14:30:26,612:INFO:display_container: 2
2022-08-19 14:30:26,614:INFO:GaussianNB(priors=None, var_smoothing=1e-09)
2022-08-19 14:30:26,615:INFO:create_model() succesfully completed......................................
2022-08-19 14:30:26,777:INFO:SubProcess create_model() end ==================================
2022-08-19 14:30:26,782:INFO:Creating metrics dataframe
2022-08-19 14:30:26,810:INFO:Initializing Decision Tree Classifier
2022-08-19 14:30:26,820:INFO:Total runtime is 2.095114572842916 minutes
2022-08-19 14:30:26,858:INFO:SubProcess create_model() called ==================================
2022-08-19 14:30:26,864:INFO:Initializing create_model()
2022-08-19 14:30:26,868:INFO:create_model(estimator=dt, fold=StratifiedKFold(n_splits=10, random_state=None, shuffle=False), round=4, cross_validation=True, predict=True, fit_kwargs={}, groups=None, refit=False, verbose=False, system=False, metrics=None, experiment_custom_tags=None, add_to_model_list=True, probability_threshold=None, display=<pycaret.internal.Display.Display object at 0x7fb83ad3b950>, return_train_score=False, kwargs={})
2022-08-19 14:30:26,876:INFO:Checking exceptions
2022-08-19 14:30:26,878:INFO:Importing libraries
2022-08-19 14:30:26,880:INFO:Copying training dataset
2022-08-19 14:30:26,901:INFO:Defining folds
2022-08-19 14:30:26,905:INFO:Declaring metric variables
2022-08-19 14:30:26,928:INFO:Importing untrained model
2022-08-19 14:30:26,950:INFO:Decision Tree Classifier Imported succesfully
2022-08-19 14:30:26,995:INFO:Starting cross validation
2022-08-19 14:30:26,999:INFO:Cross validating with StratifiedKFold(n_splits=10, random_state=None, shuffle=False), n_jobs=-1
2022-08-19 14:32:59,481:INFO:Calculating mean and std
2022-08-19 14:32:59,490:INFO:Creating metrics dataframe
2022-08-19 14:32:59,506:INFO:Uploading results into container
2022-08-19 14:32:59,515:INFO:Uploading model into container now
2022-08-19 14:32:59,517:INFO:create_model_container: 4
2022-08-19 14:32:59,520:INFO:master_model_container: 4
2022-08-19 14:32:59,522:INFO:display_container: 2
2022-08-19 14:32:59,524:INFO:DecisionTreeClassifier(ccp_alpha=0.0, class_weight=None, criterion='gini',
                       max_depth=None, max_features=None, max_leaf_nodes=None,
                       min_impurity_decrease=0.0, min_impurity_split=None,
                       min_samples_leaf=1, min_samples_split=2,
                       min_weight_fraction_leaf=0.0, presort='deprecated',
                       random_state=1415, splitter='best')
2022-08-19 14:32:59,526:INFO:create_model() succesfully completed......................................
2022-08-19 14:32:59,731:INFO:SubProcess create_model() end ==================================
2022-08-19 14:32:59,747:INFO:Creating metrics dataframe
2022-08-19 14:32:59,782:INFO:Initializing SVM - Linear Kernel
2022-08-19 14:32:59,786:INFO:Total runtime is 4.644554920991261 minutes
2022-08-19 14:32:59,821:INFO:SubProcess create_model() called ==================================
2022-08-19 14:32:59,825:INFO:Initializing create_model()
2022-08-19 14:32:59,827:INFO:create_model(estimator=svm, fold=StratifiedKFold(n_splits=10, random_state=None, shuffle=False), round=4, cross_validation=True, predict=True, fit_kwargs={}, groups=None, refit=False, verbose=False, system=False, metrics=None, experiment_custom_tags=None, add_to_model_list=True, probability_threshold=None, display=<pycaret.internal.Display.Display object at 0x7fb83ad3b950>, return_train_score=False, kwargs={})
2022-08-19 14:32:59,833:INFO:Checking exceptions
2022-08-19 14:32:59,838:INFO:Importing libraries
2022-08-19 14:32:59,841:INFO:Copying training dataset
2022-08-19 14:32:59,864:INFO:Defining folds
2022-08-19 14:32:59,871:INFO:Declaring metric variables
2022-08-19 14:32:59,901:INFO:Importing untrained model
2022-08-19 14:32:59,932:INFO:SVM - Linear Kernel Imported succesfully
2022-08-19 14:32:59,979:INFO:Starting cross validation
2022-08-19 14:32:59,983:INFO:Cross validating with StratifiedKFold(n_splits=10, random_state=None, shuffle=False), n_jobs=-1
2022-08-19 14:34:10,394:INFO:Calculating mean and std
2022-08-19 14:34:10,398:INFO:Creating metrics dataframe
2022-08-19 14:34:10,420:INFO:Uploading results into container
2022-08-19 14:34:10,430:INFO:Uploading model into container now
2022-08-19 14:34:10,433:INFO:create_model_container: 5
2022-08-19 14:34:10,435:INFO:master_model_container: 5
2022-08-19 14:34:10,438:INFO:display_container: 2
2022-08-19 14:34:10,441:INFO:SGDClassifier(alpha=0.0001, average=False, class_weight=None,
              early_stopping=False, epsilon=0.1, eta0=0.001, fit_intercept=True,
              l1_ratio=0.15, learning_rate='optimal', loss='hinge',
              max_iter=1000, n_iter_no_change=5, n_jobs=-1, penalty='l2',
              power_t=0.5, random_state=1415, shuffle=True, tol=0.001,
              validation_fraction=0.1, verbose=0, warm_start=False)
2022-08-19 14:34:10,443:INFO:create_model() succesfully completed......................................
2022-08-19 14:34:10,617:INFO:SubProcess create_model() end ==================================
2022-08-19 14:34:10,624:INFO:Creating metrics dataframe
2022-08-19 14:34:10,655:INFO:Initializing Ridge Classifier
2022-08-19 14:34:10,657:INFO:Total runtime is 5.825733260313669 minutes
2022-08-19 14:34:10,687:INFO:SubProcess create_model() called ==================================
2022-08-19 14:34:10,689:INFO:Initializing create_model()
2022-08-19 14:34:10,692:INFO:create_model(estimator=ridge, fold=StratifiedKFold(n_splits=10, random_state=None, shuffle=False), round=4, cross_validation=True, predict=True, fit_kwargs={}, groups=None, refit=False, verbose=False, system=False, metrics=None, experiment_custom_tags=None, add_to_model_list=True, probability_threshold=None, display=<pycaret.internal.Display.Display object at 0x7fb83ad3b950>, return_train_score=False, kwargs={})
2022-08-19 14:34:10,696:INFO:Checking exceptions
2022-08-19 14:34:10,700:INFO:Importing libraries
2022-08-19 14:34:10,703:INFO:Copying training dataset
2022-08-19 14:34:10,718:INFO:Defining folds
2022-08-19 14:34:10,721:INFO:Declaring metric variables
2022-08-19 14:34:10,754:INFO:Importing untrained model
2022-08-19 14:34:10,780:INFO:Ridge Classifier Imported succesfully
2022-08-19 14:34:10,827:INFO:Starting cross validation
2022-08-19 14:34:10,830:INFO:Cross validating with StratifiedKFold(n_splits=10, random_state=None, shuffle=False), n_jobs=-1
2022-08-19 14:34:12,657:INFO:Calculating mean and std
2022-08-19 14:34:12,665:INFO:Creating metrics dataframe
2022-08-19 14:34:12,677:INFO:Uploading results into container
2022-08-19 14:34:12,684:INFO:Uploading model into container now
2022-08-19 14:34:12,689:INFO:create_model_container: 6
2022-08-19 14:34:12,693:INFO:master_model_container: 6
2022-08-19 14:34:12,697:INFO:display_container: 2
2022-08-19 14:34:12,700:INFO:RidgeClassifier(alpha=1.0, class_weight=None, copy_X=True, fit_intercept=True,
                max_iter=None, normalize=False, random_state=1415,
                solver='auto', tol=0.001)
2022-08-19 14:34:12,702:INFO:create_model() succesfully completed......................................
2022-08-19 14:34:12,839:INFO:SubProcess create_model() end ==================================
2022-08-19 14:34:12,850:INFO:Creating metrics dataframe
2022-08-19 14:34:12,887:INFO:Initializing Random Forest Classifier
2022-08-19 14:34:12,893:INFO:Total runtime is 5.863000909487406 minutes
2022-08-19 14:34:12,919:INFO:SubProcess create_model() called ==================================
2022-08-19 14:34:12,923:INFO:Initializing create_model()
2022-08-19 14:34:12,928:INFO:create_model(estimator=rf, fold=StratifiedKFold(n_splits=10, random_state=None, shuffle=False), round=4, cross_validation=True, predict=True, fit_kwargs={}, groups=None, refit=False, verbose=False, system=False, metrics=None, experiment_custom_tags=None, add_to_model_list=True, probability_threshold=None, display=<pycaret.internal.Display.Display object at 0x7fb83ad3b950>, return_train_score=False, kwargs={})
2022-08-19 14:34:12,929:INFO:Checking exceptions
2022-08-19 14:34:12,937:INFO:Importing libraries
2022-08-19 14:34:12,942:INFO:Copying training dataset
2022-08-19 14:34:12,956:INFO:Defining folds
2022-08-19 14:34:12,959:INFO:Declaring metric variables
2022-08-19 14:34:13,001:INFO:Importing untrained model
2022-08-19 14:34:13,034:INFO:Random Forest Classifier Imported succesfully
2022-08-19 14:34:13,079:INFO:Starting cross validation
2022-08-19 14:34:13,085:INFO:Cross validating with StratifiedKFold(n_splits=10, random_state=None, shuffle=False), n_jobs=-1
2022-08-19 14:59:03,330:INFO:Calculating mean and std
2022-08-19 14:59:03,340:INFO:Creating metrics dataframe
2022-08-19 14:59:03,361:INFO:Uploading results into container
2022-08-19 14:59:03,367:INFO:Uploading model into container now
2022-08-19 14:59:03,371:INFO:create_model_container: 7
2022-08-19 14:59:03,374:INFO:master_model_container: 7
2022-08-19 14:59:03,376:INFO:display_container: 2
2022-08-19 14:59:03,379:INFO:RandomForestClassifier(bootstrap=True, ccp_alpha=0.0, class_weight=None,
                       criterion='gini', max_depth=None, max_features='auto',
                       max_leaf_nodes=None, max_samples=None,
                       min_impurity_decrease=0.0, min_impurity_split=None,
                       min_samples_leaf=1, min_samples_split=2,
                       min_weight_fraction_leaf=0.0, n_estimators=100,
                       n_jobs=-1, oob_score=False, random_state=1415, verbose=0,
                       warm_start=False)
2022-08-19 14:59:03,382:INFO:create_model() succesfully completed......................................
2022-08-19 14:59:03,586:INFO:SubProcess create_model() end ==================================
2022-08-19 14:59:03,595:INFO:Creating metrics dataframe
2022-08-19 14:59:03,636:INFO:Initializing Quadratic Discriminant Analysis
2022-08-19 14:59:03,643:INFO:Total runtime is 30.708834576606748 minutes
2022-08-19 14:59:03,674:INFO:SubProcess create_model() called ==================================
2022-08-19 14:59:03,677:INFO:Initializing create_model()
2022-08-19 14:59:03,682:INFO:create_model(estimator=qda, fold=StratifiedKFold(n_splits=10, random_state=None, shuffle=False), round=4, cross_validation=True, predict=True, fit_kwargs={}, groups=None, refit=False, verbose=False, system=False, metrics=None, experiment_custom_tags=None, add_to_model_list=True, probability_threshold=None, display=<pycaret.internal.Display.Display object at 0x7fb83ad3b950>, return_train_score=False, kwargs={})
2022-08-19 14:59:03,686:INFO:Checking exceptions
2022-08-19 14:59:03,690:INFO:Importing libraries
2022-08-19 14:59:03,694:INFO:Copying training dataset
2022-08-19 14:59:03,715:INFO:Defining folds
2022-08-19 14:59:03,723:INFO:Declaring metric variables
2022-08-19 14:59:03,751:INFO:Importing untrained model
2022-08-19 14:59:03,773:INFO:Quadratic Discriminant Analysis Imported succesfully
2022-08-19 14:59:03,823:INFO:Starting cross validation
2022-08-19 14:59:03,827:INFO:Cross validating with StratifiedKFold(n_splits=10, random_state=None, shuffle=False), n_jobs=-1
2022-08-19 14:59:10,949:INFO:Calculating mean and std
2022-08-19 14:59:10,953:INFO:Creating metrics dataframe
2022-08-19 14:59:10,972:INFO:Uploading results into container
2022-08-19 14:59:10,976:INFO:Uploading model into container now
2022-08-19 14:59:10,978:INFO:create_model_container: 8
2022-08-19 14:59:10,981:INFO:master_model_container: 8
2022-08-19 14:59:10,983:INFO:display_container: 2
2022-08-19 14:59:10,985:INFO:QuadraticDiscriminantAnalysis(priors=None, reg_param=0.0,
                              store_covariance=False, tol=0.0001)
2022-08-19 14:59:10,986:INFO:create_model() succesfully completed......................................
2022-08-19 14:59:11,127:INFO:SubProcess create_model() end ==================================
2022-08-19 14:59:11,134:INFO:Creating metrics dataframe
2022-08-19 14:59:11,166:INFO:Initializing Ada Boost Classifier
2022-08-19 14:59:11,175:INFO:Total runtime is 30.834373680750527 minutes
2022-08-19 14:59:11,208:INFO:SubProcess create_model() called ==================================
2022-08-19 14:59:11,212:INFO:Initializing create_model()
2022-08-19 14:59:11,216:INFO:create_model(estimator=ada, fold=StratifiedKFold(n_splits=10, random_state=None, shuffle=False), round=4, cross_validation=True, predict=True, fit_kwargs={}, groups=None, refit=False, verbose=False, system=False, metrics=None, experiment_custom_tags=None, add_to_model_list=True, probability_threshold=None, display=<pycaret.internal.Display.Display object at 0x7fb83ad3b950>, return_train_score=False, kwargs={})
2022-08-19 14:59:11,220:INFO:Checking exceptions
2022-08-19 14:59:11,223:INFO:Importing libraries
2022-08-19 14:59:11,228:INFO:Copying training dataset
2022-08-19 14:59:11,249:INFO:Defining folds
2022-08-19 14:59:11,252:INFO:Declaring metric variables
2022-08-19 14:59:11,285:INFO:Importing untrained model
2022-08-19 14:59:11,317:INFO:Ada Boost Classifier Imported succesfully
2022-08-19 14:59:11,370:INFO:Starting cross validation
2022-08-19 14:59:11,375:INFO:Cross validating with StratifiedKFold(n_splits=10, random_state=None, shuffle=False), n_jobs=-1
2022-08-19 15:06:54,861:INFO:Calculating mean and std
2022-08-19 15:06:54,871:INFO:Creating metrics dataframe
2022-08-19 15:06:54,883:INFO:Uploading results into container
2022-08-19 15:06:54,892:INFO:Uploading model into container now
2022-08-19 15:06:54,895:INFO:create_model_container: 9
2022-08-19 15:06:54,899:INFO:master_model_container: 9
2022-08-19 15:06:54,903:INFO:display_container: 2
2022-08-19 15:06:54,907:INFO:AdaBoostClassifier(algorithm='SAMME.R', base_estimator=None, learning_rate=1.0,
                   n_estimators=50, random_state=1415)
2022-08-19 15:06:54,909:INFO:create_model() succesfully completed......................................
2022-08-19 15:06:55,063:INFO:SubProcess create_model() end ==================================
2022-08-19 15:06:55,077:INFO:Creating metrics dataframe
2022-08-19 15:06:55,106:INFO:Initializing Gradient Boosting Classifier
2022-08-19 15:06:55,110:INFO:Total runtime is 38.56661781867345 minutes
2022-08-19 15:06:55,143:INFO:SubProcess create_model() called ==================================
2022-08-19 15:06:55,148:INFO:Initializing create_model()
2022-08-19 15:06:55,154:INFO:create_model(estimator=gbc, fold=StratifiedKFold(n_splits=10, random_state=None, shuffle=False), round=4, cross_validation=True, predict=True, fit_kwargs={}, groups=None, refit=False, verbose=False, system=False, metrics=None, experiment_custom_tags=None, add_to_model_list=True, probability_threshold=None, display=<pycaret.internal.Display.Display object at 0x7fb83ad3b950>, return_train_score=False, kwargs={})
2022-08-19 15:06:55,160:INFO:Checking exceptions
2022-08-19 15:06:55,163:INFO:Importing libraries
2022-08-19 15:06:55,168:INFO:Copying training dataset
2022-08-19 15:06:55,181:INFO:Defining folds
2022-08-19 15:06:55,184:INFO:Declaring metric variables
2022-08-19 15:06:55,209:INFO:Importing untrained model
2022-08-19 15:06:55,233:INFO:Gradient Boosting Classifier Imported succesfully
2022-08-19 15:06:55,279:INFO:Starting cross validation
2022-08-19 15:06:55,283:INFO:Cross validating with StratifiedKFold(n_splits=10, random_state=None, shuffle=False), n_jobs=-1
2022-08-19 15:48:45,786:INFO:Calculating mean and std
2022-08-19 15:48:45,791:INFO:Creating metrics dataframe
2022-08-19 15:48:45,814:INFO:Uploading results into container
2022-08-19 15:48:45,820:INFO:Uploading model into container now
2022-08-19 15:48:45,824:INFO:create_model_container: 10
2022-08-19 15:48:45,828:INFO:master_model_container: 10
2022-08-19 15:48:45,835:INFO:display_container: 2
2022-08-19 15:48:45,839:INFO:GradientBoostingClassifier(ccp_alpha=0.0, criterion='friedman_mse', init=None,
                           learning_rate=0.1, loss='deviance', max_depth=3,
                           max_features=None, max_leaf_nodes=None,
                           min_impurity_decrease=0.0, min_impurity_split=None,
                           min_samples_leaf=1, min_samples_split=2,
                           min_weight_fraction_leaf=0.0, n_estimators=100,
                           n_iter_no_change=None, presort='deprecated',
                           random_state=1415, subsample=1.0, tol=0.0001,
                           validation_fraction=0.1, verbose=0,
                           warm_start=False)
2022-08-19 15:48:45,842:INFO:create_model() succesfully completed......................................
2022-08-19 15:48:46,101:INFO:SubProcess create_model() end ==================================
2022-08-19 15:48:46,106:INFO:Creating metrics dataframe
2022-08-19 15:48:46,141:INFO:Initializing Linear Discriminant Analysis
2022-08-19 15:48:46,147:INFO:Total runtime is 80.4172302921613 minutes
2022-08-19 15:48:46,184:INFO:SubProcess create_model() called ==================================
2022-08-19 15:48:46,187:INFO:Initializing create_model()
2022-08-19 15:48:46,191:INFO:create_model(estimator=lda, fold=StratifiedKFold(n_splits=10, random_state=None, shuffle=False), round=4, cross_validation=True, predict=True, fit_kwargs={}, groups=None, refit=False, verbose=False, system=False, metrics=None, experiment_custom_tags=None, add_to_model_list=True, probability_threshold=None, display=<pycaret.internal.Display.Display object at 0x7fb83ad3b950>, return_train_score=False, kwargs={})
2022-08-19 15:48:46,193:INFO:Checking exceptions
2022-08-19 15:48:46,196:INFO:Importing libraries
2022-08-19 15:48:46,198:INFO:Copying training dataset
2022-08-19 15:48:46,242:INFO:Defining folds
2022-08-19 15:48:46,247:INFO:Declaring metric variables
2022-08-19 15:48:46,271:INFO:Importing untrained model
2022-08-19 15:48:46,296:INFO:Linear Discriminant Analysis Imported succesfully
2022-08-19 15:48:46,349:INFO:Starting cross validation
2022-08-19 15:48:46,355:INFO:Cross validating with StratifiedKFold(n_splits=10, random_state=None, shuffle=False), n_jobs=-1
2022-08-19 15:48:58,829:INFO:Calculating mean and std
2022-08-19 15:48:58,832:INFO:Creating metrics dataframe
2022-08-19 15:48:58,853:INFO:Uploading results into container
2022-08-19 15:48:58,857:INFO:Uploading model into container now
2022-08-19 15:48:58,861:INFO:create_model_container: 11
2022-08-19 15:48:58,863:INFO:master_model_container: 11
2022-08-19 15:48:58,865:INFO:display_container: 2
2022-08-19 15:48:58,867:INFO:LinearDiscriminantAnalysis(n_components=None, priors=None, shrinkage=None,
                           solver='svd', store_covariance=False, tol=0.0001)
2022-08-19 15:48:58,869:INFO:create_model() succesfully completed......................................
2022-08-19 15:48:59,037:INFO:SubProcess create_model() end ==================================
2022-08-19 15:48:59,047:INFO:Creating metrics dataframe
2022-08-19 15:48:59,080:INFO:Initializing Extra Trees Classifier
2022-08-19 15:48:59,086:INFO:Total runtime is 80.63289016485214 minutes
2022-08-19 15:48:59,112:INFO:SubProcess create_model() called ==================================
2022-08-19 15:48:59,115:INFO:Initializing create_model()
2022-08-19 15:48:59,117:INFO:create_model(estimator=et, fold=StratifiedKFold(n_splits=10, random_state=None, shuffle=False), round=4, cross_validation=True, predict=True, fit_kwargs={}, groups=None, refit=False, verbose=False, system=False, metrics=None, experiment_custom_tags=None, add_to_model_list=True, probability_threshold=None, display=<pycaret.internal.Display.Display object at 0x7fb83ad3b950>, return_train_score=False, kwargs={})
2022-08-19 15:48:59,121:INFO:Checking exceptions
2022-08-19 15:48:59,125:INFO:Importing libraries
2022-08-19 15:48:59,129:INFO:Copying training dataset
2022-08-19 15:48:59,152:INFO:Defining folds
2022-08-19 15:48:59,156:INFO:Declaring metric variables
2022-08-19 15:48:59,185:INFO:Importing untrained model
2022-08-19 15:48:59,221:INFO:Extra Trees Classifier Imported succesfully
2022-08-19 15:48:59,276:INFO:Starting cross validation
2022-08-19 15:48:59,280:INFO:Cross validating with StratifiedKFold(n_splits=10, random_state=None, shuffle=False), n_jobs=-1
2022-08-19 15:52:21,004:INFO:Calculating mean and std
2022-08-19 15:52:21,009:INFO:Creating metrics dataframe
2022-08-19 15:52:21,032:INFO:Uploading results into container
2022-08-19 15:52:21,034:INFO:Uploading model into container now
2022-08-19 15:52:21,036:INFO:create_model_container: 12
2022-08-19 15:52:21,040:INFO:master_model_container: 12
2022-08-19 15:52:21,045:INFO:display_container: 2
2022-08-19 15:52:21,049:INFO:ExtraTreesClassifier(bootstrap=False, ccp_alpha=0.0, class_weight=None,
                     criterion='gini', max_depth=None, max_features='auto',
                     max_leaf_nodes=None, max_samples=None,
                     min_impurity_decrease=0.0, min_impurity_split=None,
                     min_samples_leaf=1, min_samples_split=2,
                     min_weight_fraction_leaf=0.0, n_estimators=100, n_jobs=-1,
                     oob_score=False, random_state=1415, verbose=0,
                     warm_start=False)
2022-08-19 15:52:21,052:INFO:create_model() succesfully completed......................................
2022-08-19 15:52:21,257:INFO:SubProcess create_model() end ==================================
2022-08-19 15:52:21,262:INFO:Creating metrics dataframe
2022-08-19 15:52:21,302:INFO:Initializing Light Gradient Boosting Machine
2022-08-19 15:52:21,309:INFO:Total runtime is 84.00327036778133 minutes
2022-08-19 15:52:21,348:INFO:SubProcess create_model() called ==================================
2022-08-19 15:52:21,356:INFO:Initializing create_model()
2022-08-19 15:52:21,359:INFO:create_model(estimator=lightgbm, fold=StratifiedKFold(n_splits=10, random_state=None, shuffle=False), round=4, cross_validation=True, predict=True, fit_kwargs={}, groups=None, refit=False, verbose=False, system=False, metrics=None, experiment_custom_tags=None, add_to_model_list=True, probability_threshold=None, display=<pycaret.internal.Display.Display object at 0x7fb83ad3b950>, return_train_score=False, kwargs={})
2022-08-19 15:52:21,360:INFO:Checking exceptions
2022-08-19 15:52:21,362:INFO:Importing libraries
2022-08-19 15:52:21,363:INFO:Copying training dataset
2022-08-19 15:52:21,386:INFO:Defining folds
2022-08-19 15:52:21,390:INFO:Declaring metric variables
2022-08-19 15:52:21,416:INFO:Importing untrained model
2022-08-19 15:52:21,439:INFO:Light Gradient Boosting Machine Imported succesfully
2022-08-19 15:52:21,483:INFO:Starting cross validation
2022-08-19 15:52:21,488:INFO:Cross validating with StratifiedKFold(n_splits=10, random_state=None, shuffle=False), n_jobs=-1
2022-08-19 15:52:57,954:INFO:Calculating mean and std
2022-08-19 15:52:57,958:INFO:Creating metrics dataframe
2022-08-19 15:52:57,981:INFO:Uploading results into container
2022-08-19 15:52:57,985:INFO:Uploading model into container now
2022-08-19 15:52:57,987:INFO:create_model_container: 13
2022-08-19 15:52:57,992:INFO:master_model_container: 13
2022-08-19 15:52:57,995:INFO:display_container: 2
2022-08-19 15:52:58,000:INFO:LGBMClassifier(boosting_type='gbdt', class_weight=None, colsample_bytree=1.0,
               importance_type='split', learning_rate=0.1, max_depth=-1,
               min_child_samples=20, min_child_weight=0.001, min_split_gain=0.0,
               n_estimators=100, n_jobs=-1, num_leaves=31, objective=None,
               random_state=1415, reg_alpha=0.0, reg_lambda=0.0, silent='warn',
               subsample=1.0, subsample_for_bin=200000, subsample_freq=0)
2022-08-19 15:52:58,004:INFO:create_model() succesfully completed......................................
2022-08-19 15:52:58,231:INFO:SubProcess create_model() end ==================================
2022-08-19 15:52:58,238:INFO:Creating metrics dataframe
2022-08-19 15:52:58,275:INFO:Initializing Dummy Classifier
2022-08-19 15:52:58,283:INFO:Total runtime is 84.61949394941331 minutes
2022-08-19 15:52:58,316:INFO:SubProcess create_model() called ==================================
2022-08-19 15:52:58,319:INFO:Initializing create_model()
2022-08-19 15:52:58,321:INFO:create_model(estimator=dummy, fold=StratifiedKFold(n_splits=10, random_state=None, shuffle=False), round=4, cross_validation=True, predict=True, fit_kwargs={}, groups=None, refit=False, verbose=False, system=False, metrics=None, experiment_custom_tags=None, add_to_model_list=True, probability_threshold=None, display=<pycaret.internal.Display.Display object at 0x7fb83ad3b950>, return_train_score=False, kwargs={})
2022-08-19 15:52:58,323:INFO:Checking exceptions
2022-08-19 15:52:58,325:INFO:Importing libraries
2022-08-19 15:52:58,327:INFO:Copying training dataset
2022-08-19 15:52:58,344:INFO:Defining folds
2022-08-19 15:52:58,347:INFO:Declaring metric variables
2022-08-19 15:52:58,380:INFO:Importing untrained model
2022-08-19 15:52:58,409:INFO:Dummy Classifier Imported succesfully
2022-08-19 15:52:58,464:INFO:Starting cross validation
2022-08-19 15:52:58,469:INFO:Cross validating with StratifiedKFold(n_splits=10, random_state=None, shuffle=False), n_jobs=-1
2022-08-19 15:52:59,568:INFO:Calculating mean and std
2022-08-19 15:52:59,575:INFO:Creating metrics dataframe
2022-08-19 15:52:59,598:INFO:Uploading results into container
2022-08-19 15:52:59,601:INFO:Uploading model into container now
2022-08-19 15:52:59,606:INFO:create_model_container: 14
2022-08-19 15:52:59,609:INFO:master_model_container: 14
2022-08-19 15:52:59,611:INFO:display_container: 2
2022-08-19 15:52:59,613:INFO:DummyClassifier(constant=None, random_state=1415, strategy='prior')
2022-08-19 15:52:59,616:INFO:create_model() succesfully completed......................................
2022-08-19 15:52:59,811:INFO:SubProcess create_model() end ==================================
2022-08-19 15:52:59,829:INFO:Creating metrics dataframe
2022-08-19 15:52:59,927:INFO:Initializing create_model()
2022-08-19 15:52:59,930:INFO:create_model(estimator=RandomForestClassifier(bootstrap=True, ccp_alpha=0.0, class_weight=None,
                       criterion='gini', max_depth=None, max_features='auto',
                       max_leaf_nodes=None, max_samples=None,
                       min_impurity_decrease=0.0, min_impurity_split=None,
                       min_samples_leaf=1, min_samples_split=2,
                       min_weight_fraction_leaf=0.0, n_estimators=100,
                       n_jobs=-1, oob_score=False, random_state=1415, verbose=0,
                       warm_start=False), fold=StratifiedKFold(n_splits=10, random_state=None, shuffle=False), round=4, cross_validation=False, predict=False, fit_kwargs={}, groups=None, refit=True, verbose=False, system=False, metrics=None, experiment_custom_tags=None, add_to_model_list=True, probability_threshold=None, display=None, return_train_score=False, kwargs={})
2022-08-19 15:52:59,932:INFO:Checking exceptions
2022-08-19 15:52:59,934:INFO:Importing libraries
2022-08-19 15:52:59,936:INFO:Copying training dataset
2022-08-19 15:52:59,959:INFO:Defining folds
2022-08-19 15:52:59,961:INFO:Declaring metric variables
2022-08-19 15:52:59,964:INFO:Importing untrained model
2022-08-19 15:52:59,966:INFO:Declaring custom model
2022-08-19 15:52:59,970:INFO:Random Forest Classifier Imported succesfully
2022-08-19 15:52:59,973:INFO:Cross validation set to False
2022-08-19 15:52:59,975:INFO:Fitting Model
2022-08-19 15:55:56,406:INFO:RandomForestClassifier(bootstrap=True, ccp_alpha=0.0, class_weight=None,
                       criterion='gini', max_depth=None, max_features='auto',
                       max_leaf_nodes=None, max_samples=None,
                       min_impurity_decrease=0.0, min_impurity_split=None,
                       min_samples_leaf=1, min_samples_split=2,
                       min_weight_fraction_leaf=0.0, n_estimators=100,
                       n_jobs=-1, oob_score=False, random_state=1415, verbose=0,
                       warm_start=False)
2022-08-19 15:55:56,409:INFO:create_models() succesfully completed......................................
2022-08-19 15:55:56,708:INFO:create_model_container: 14
2022-08-19 15:55:56,712:INFO:master_model_container: 14
2022-08-19 15:55:56,715:INFO:display_container: 2
2022-08-19 15:55:56,719:INFO:RandomForestClassifier(bootstrap=True, ccp_alpha=0.0, class_weight=None,
                       criterion='gini', max_depth=None, max_features='auto',
                       max_leaf_nodes=None, max_samples=None,
                       min_impurity_decrease=0.0, min_impurity_split=None,
                       min_samples_leaf=1, min_samples_split=2,
                       min_weight_fraction_leaf=0.0, n_estimators=100,
                       n_jobs=-1, oob_score=False, random_state=1415, verbose=0,
                       warm_start=False)
2022-08-19 15:55:56,721:INFO:compare_models() succesfully completed......................................
2022-08-19 15:55:57,943:INFO:Initializing create_model()
2022-08-19 15:55:57,945:INFO:create_model(estimator=et, fold=None, round=4, cross_validation=True, predict=True, fit_kwargs=None, groups=None, refit=True, verbose=True, system=True, metrics=None, experiment_custom_tags=None, add_to_model_list=True, probability_threshold=None, display=None, return_train_score=False, kwargs={})
2022-08-19 15:55:57,947:INFO:Checking exceptions
2022-08-19 15:55:57,949:INFO:Preparing display monitor
2022-08-19 15:55:58,007:INFO:Importing libraries
2022-08-19 15:55:58,011:INFO:Copying training dataset
2022-08-19 15:55:58,030:INFO:Defining folds
2022-08-19 15:55:58,037:INFO:Declaring metric variables
2022-08-19 15:55:58,058:INFO:Importing untrained model
2022-08-19 15:55:58,082:INFO:Extra Trees Classifier Imported succesfully
2022-08-19 15:55:58,126:INFO:Starting cross validation
2022-08-19 15:55:58,130:INFO:Cross validating with StratifiedKFold(n_splits=10, random_state=None, shuffle=False), n_jobs=-1
2022-08-19 15:59:32,587:INFO:Calculating mean and std
2022-08-19 15:59:32,590:INFO:Creating metrics dataframe
2022-08-19 15:59:32,627:INFO:Finalizing model
2022-08-19 15:59:55,186:INFO:Uploading results into container
2022-08-19 15:59:55,189:INFO:Uploading model into container now
2022-08-19 15:59:55,218:INFO:create_model_container: 15
2022-08-19 15:59:55,222:INFO:master_model_container: 15
2022-08-19 15:59:55,225:INFO:display_container: 3
2022-08-19 15:59:55,228:INFO:ExtraTreesClassifier(bootstrap=False, ccp_alpha=0.0, class_weight=None,
                     criterion='gini', max_depth=None, max_features='auto',
                     max_leaf_nodes=None, max_samples=None,
                     min_impurity_decrease=0.0, min_impurity_split=None,
                     min_samples_leaf=1, min_samples_split=2,
                     min_weight_fraction_leaf=0.0, n_estimators=100, n_jobs=-1,
                     oob_score=False, random_state=1415, verbose=0,
                     warm_start=False)
2022-08-19 15:59:55,231:INFO:create_model() succesfully completed......................................
2022-08-19 15:59:55,428:INFO:Initializing tune_model()
2022-08-19 15:59:55,431:INFO:tune_model(estimator=ET, fold=None, round=4, n_iter=10, custom_grid=None, optimize=Accuracy, custom_scorer=None, search_library=scikit-learn, search_algorithm=None, early_stopping=False, early_stopping_max_iters=10, choose_better=False, fit_kwargs=None, groups=None, return_tuner=False, verbose=True, tuner_verbose=True, display=None, return_train_score=False, kwargs={})
2022-08-19 15:59:55,433:INFO:Checking exceptions
2022-08-19 16:08:23,223:INFO:Initializing tune_model()
2022-08-19 16:08:23,226:INFO:tune_model(estimator=ET, fold=None, round=4, n_iter=10, custom_grid=None, optimize=Accuracy, custom_scorer=None, search_library=scikit-learn, search_algorithm=None, early_stopping=False, early_stopping_max_iters=10, choose_better=False, fit_kwargs=None, groups=None, return_tuner=False, verbose=True, tuner_verbose=True, display=None, return_train_score=False, kwargs={})
2022-08-19 16:08:23,228:INFO:Checking exceptions
2022-08-19 16:10:41,222:INFO:Initializing tune_model()
2022-08-19 16:10:41,230:INFO:tune_model(estimator=ExtraTreesClassifier(bootstrap=False, ccp_alpha=0.0, class_weight=None,
                     criterion='gini', max_depth=None, max_features='auto',
                     max_leaf_nodes=None, max_samples=None,
                     min_impurity_decrease=0.0, min_impurity_split=None,
                     min_samples_leaf=1, min_samples_split=2,
                     min_weight_fraction_leaf=0.0, n_estimators=100, n_jobs=-1,
                     oob_score=False, random_state=1415, verbose=0,
                     warm_start=False), fold=None, round=4, n_iter=10, custom_grid=None, optimize=Accuracy, custom_scorer=None, search_library=scikit-learn, search_algorithm=None, early_stopping=False, early_stopping_max_iters=10, choose_better=False, fit_kwargs=None, groups=None, return_tuner=False, verbose=True, tuner_verbose=True, display=None, return_train_score=False, kwargs={})
2022-08-19 16:10:41,243:INFO:Checking exceptions
2022-08-19 16:10:41,259:INFO:Preparing display monitor
2022-08-19 16:10:41,443:INFO:Copying training dataset
2022-08-19 16:10:41,505:INFO:Checking base model
2022-08-19 16:10:41,519:INFO:Base model : Extra Trees Classifier
2022-08-19 16:10:41,626:INFO:Declaring metric variables
2022-08-19 16:10:41,739:INFO:Defining Hyperparameters
2022-08-19 16:10:42,168:INFO:Tuning with n_jobs=-1
2022-08-19 16:10:42,180:INFO:Initializing RandomizedSearchCV
2022-08-19 16:38:05,254:INFO:best_params: {'actual_estimator__n_estimators': 60, 'actual_estimator__min_samples_split': 10, 'actual_estimator__min_samples_leaf': 2, 'actual_estimator__min_impurity_decrease': 0, 'actual_estimator__max_features': 1.0, 'actual_estimator__max_depth': 9, 'actual_estimator__criterion': 'entropy', 'actual_estimator__class_weight': 'balanced_subsample', 'actual_estimator__bootstrap': False}
2022-08-19 16:38:05,262:INFO:Hyperparameter search completed
2022-08-19 16:38:05,265:INFO:SubProcess create_model() called ==================================
2022-08-19 16:38:05,269:INFO:Initializing create_model()
2022-08-19 16:38:05,271:INFO:create_model(estimator=ExtraTreesClassifier(bootstrap=False, ccp_alpha=0.0, class_weight=None,
                     criterion='gini', max_depth=None, max_features='auto',
                     max_leaf_nodes=None, max_samples=None,
                     min_impurity_decrease=0.0, min_impurity_split=None,
                     min_samples_leaf=1, min_samples_split=2,
                     min_weight_fraction_leaf=0.0, n_estimators=100, n_jobs=-1,
                     oob_score=False, random_state=1415, verbose=0,
                     warm_start=False), fold=StratifiedKFold(n_splits=10, random_state=None, shuffle=False), round=4, cross_validation=True, predict=True, fit_kwargs={}, groups=None, refit=True, verbose=True, system=False, metrics=None, experiment_custom_tags=None, add_to_model_list=True, probability_threshold=None, display=<pycaret.internal.Display.Display object at 0x7fb83aae42d0>, return_train_score=False, kwargs={'n_estimators': 60, 'min_samples_split': 10, 'min_samples_leaf': 2, 'min_impurity_decrease': 0, 'max_features': 1.0, 'max_depth': 9, 'criterion': 'entropy', 'class_weight': 'balanced_subsample', 'bootstrap': False})
2022-08-19 16:38:05,273:INFO:Checking exceptions
2022-08-19 16:38:05,274:INFO:Importing libraries
2022-08-19 16:38:05,276:INFO:Copying training dataset
2022-08-19 16:38:05,307:INFO:Defining folds
2022-08-19 16:38:05,313:INFO:Declaring metric variables
2022-08-19 16:38:05,336:INFO:Importing untrained model
2022-08-19 16:38:05,338:INFO:Declaring custom model
2022-08-19 16:38:05,371:INFO:Extra Trees Classifier Imported succesfully
2022-08-19 16:38:05,418:INFO:Starting cross validation
2022-08-19 16:38:05,422:INFO:Cross validating with StratifiedKFold(n_splits=10, random_state=None, shuffle=False), n_jobs=-1
2022-08-19 16:42:25,010:INFO:Calculating mean and std
2022-08-19 16:42:25,014:INFO:Creating metrics dataframe
2022-08-19 16:42:25,057:INFO:Finalizing model
2022-08-19 16:42:53,883:INFO:Uploading results into container
2022-08-19 16:42:53,888:INFO:Uploading model into container now
2022-08-19 16:42:53,891:INFO:create_model_container: 16
2022-08-19 16:42:53,893:INFO:master_model_container: 16
2022-08-19 16:42:53,896:INFO:display_container: 4
2022-08-19 16:42:53,898:INFO:ExtraTreesClassifier(bootstrap=False, ccp_alpha=0.0,
                     class_weight='balanced_subsample', criterion='entropy',
                     max_depth=9, max_features=1.0, max_leaf_nodes=None,
                     max_samples=None, min_impurity_decrease=0,
                     min_impurity_split=None, min_samples_leaf=2,
                     min_samples_split=10, min_weight_fraction_leaf=0.0,
                     n_estimators=60, n_jobs=-1, oob_score=False,
                     random_state=1415, verbose=0, warm_start=False)
2022-08-19 16:42:53,900:INFO:create_model() succesfully completed......................................
2022-08-19 16:42:54,111:INFO:SubProcess create_model() end ==================================
2022-08-19 16:42:54,136:INFO:create_model_container: 16
2022-08-19 16:42:54,141:INFO:master_model_container: 16
2022-08-19 16:42:54,146:INFO:display_container: 4
2022-08-19 16:42:54,148:INFO:ExtraTreesClassifier(bootstrap=False, ccp_alpha=0.0,
                     class_weight='balanced_subsample', criterion='entropy',
                     max_depth=9, max_features=1.0, max_leaf_nodes=None,
                     max_samples=None, min_impurity_decrease=0,
                     min_impurity_split=None, min_samples_leaf=2,
                     min_samples_split=10, min_weight_fraction_leaf=0.0,
                     n_estimators=60, n_jobs=-1, oob_score=False,
                     random_state=1415, verbose=0, warm_start=False)
2022-08-19 16:42:54,150:INFO:tune_model() succesfully completed......................................
2022-08-19 16:49:10,686:INFO:Initializing save_model()
2022-08-19 16:49:10,689:INFO:save_model(model=ExtraTreesClassifier(bootstrap=False, ccp_alpha=0.0, class_weight=None,
                     criterion='gini', max_depth=None, max_features='auto',
                     max_leaf_nodes=None, max_samples=None,
                     min_impurity_decrease=0.0, min_impurity_split=None,
                     min_samples_leaf=1, min_samples_split=2,
                     min_weight_fraction_leaf=0.0, n_estimators=100, n_jobs=-1,
                     oob_score=False, random_state=1415, verbose=0,
                     warm_start=False), model_name=ET_saved, prep_pipe_=Pipeline(memory=None,
         steps=[('dtypes',
                 DataTypes_Auto_infer(categorical_features=[],
                                      display_types=True, features_todrop=[],
                                      id_columns=[],
                                      ml_usecase='classification',
                                      numerical_features=[], target='Class',
                                      time_features=[])),
                ('imputer',
                 Simple_Imputer(categorical_strategy='not_available',
                                fill_value_categorical=None,
                                fill_value_numerical=None,
                                numeric_strate...
                ('scaling', 'passthrough'), ('P_transform', 'passthrough'),
                ('binn', 'passthrough'), ('rem_outliers', 'passthrough'),
                ('cluster_all', 'passthrough'),
                ('dummy', Dummify(target='Class')),
                ('fix_perfect', Remove_100(target='Class')),
                ('clean_names', Clean_Colum_Names()),
                ('feature_select', 'passthrough'), ('fix_multi', 'passthrough'),
                ('dfs', 'passthrough'), ('pca', 'passthrough')],
         verbose=False), verbose=True, kwargs={})
2022-08-19 16:49:10,693:INFO:Adding model into prep_pipe
2022-08-19 16:49:10,763:INFO:ET_saved.pkl saved in current working directory
2022-08-19 16:49:10,775:INFO:Pipeline(memory=None,
         steps=[('dtypes',
                 DataTypes_Auto_infer(categorical_features=[],
                                      display_types=True, features_todrop=[],
                                      id_columns=[],
                                      ml_usecase='classification',
                                      numerical_features=[], target='Class',
                                      time_features=[])),
                ('imputer',
                 Simple_Imputer(categorical_strategy='not_available',
                                fill_value_categorical=None,
                                fill_value_numerical=None,
                                numeric_strate...
                 ExtraTreesClassifier(bootstrap=False, ccp_alpha=0.0,
                                      class_weight=None, criterion='gini',
                                      max_depth=None, max_features='auto',
                                      max_leaf_nodes=None, max_samples=None,
                                      min_impurity_decrease=0.0,
                                      min_impurity_split=None,
                                      min_samples_leaf=1, min_samples_split=2,
                                      min_weight_fraction_leaf=0.0,
                                      n_estimators=100, n_jobs=-1,
                                      oob_score=False, random_state=1415,
                                      verbose=0, warm_start=False)]],
         verbose=False)
2022-08-19 16:49:10,777:INFO:save_model() successfully completed......................................
2022-08-19 16:49:10,955:INFO:Initializing load_model()
2022-08-19 16:49:10,958:INFO:load_model(model_name=ET_saved, platform=None, authentication=None, verbose=True)
